  FileSystem.cpp
c:\users\施峰\documents\visual studio 2015\projects\designpattern\designpattern\filesystem.cpp(39): warning C4018: “<”: 有符号/无符号不匹配
c:\users\施峰\documents\visual studio 2015\projects\designpattern\designpattern\filesystem.cpp(41): error C2065: “i”: 未声明的标识符
c:\users\施峰\documents\visual studio 2015\projects\designpattern\designpattern\filesystem.cpp(55): warning C4018: “<”: 有符号/无符号不匹配
c:\users\施峰\documents\visual studio 2015\projects\designpattern\designpattern\filesystem.cpp(125): error C2065: “i”: 未声明的标识符
c:\users\施峰\documents\visual studio 2015\projects\designpattern\designpattern\filesystem.cpp(126): error C2065: “i”: 未声明的标识符
c:\users\施峰\documents\visual studio 2015\projects\designpattern\designpattern\filesystem.cpp(128): error C2065: “i”: 未声明的标识符
c:\users\施峰\documents\visual studio 2015\projects\designpattern\designpattern\filesystem.cpp(128): error C2228: “.getUse”的左边必须有类/结构/联合
c:\users\施峰\documents\visual studio 2015\projects\designpattern\designpattern\filesystem.cpp(130): error C2065: “i”: 未声明的标识符
c:\users\施峰\documents\visual studio 2015\projects\designpattern\designpattern\filesystem.cpp(134): error C2065: “i”: 未声明的标识符
c:\users\施峰\documents\visual studio 2015\projects\designpattern\designpattern\filesystem.cpp(156): error C2065: “i”: 未声明的标识符
c:\users\施峰\documents\visual studio 2015\projects\designpattern\designpattern\filesystem.cpp(157): error C2065: “i”: 未声明的标识符
c:\users\施峰\documents\visual studio 2015\projects\designpattern\designpattern\filesystem.cpp(159): error C2065: “i”: 未声明的标识符
c:\users\施峰\documents\visual studio 2015\projects\designpattern\designpattern\filesystem.cpp(159): error C2228: “.getUse”的左边必须有类/结构/联合
c:\users\施峰\documents\visual studio 2015\projects\designpattern\designpattern\filesystem.cpp(161): error C2065: “i”: 未声明的标识符
c:\users\施峰\documents\visual studio 2015\projects\designpattern\designpattern\filesystem.cpp(165): error C2065: “i”: 未声明的标识符
c:\users\施峰\documents\visual studio 2015\projects\designpattern\designpattern\filesystem.cpp(194): error C2065: “i”: 未声明的标识符
c:\users\施峰\documents\visual studio 2015\projects\designpattern\designpattern\filesystem.cpp(200): error C2065: “i”: 未声明的标识符
c:\users\施峰\documents\visual studio 2015\projects\designpattern\designpattern\filesystem.cpp(200): error C2228: “.setUse”的左边必须有类/结构/联合
c:\users\施峰\documents\visual studio 2015\projects\designpattern\designpattern\filesystem.cpp(201): error C2065: “i”: 未声明的标识符
c:\users\施峰\documents\visual studio 2015\projects\designpattern\designpattern\filesystem.cpp(201): error C2228: “.setLengthInUse”的左边必须有类/结构/联合
c:\users\施峰\documents\visual studio 2015\projects\designpattern\designpattern\filesystem.cpp(202): error C2065: “i”: 未声明的标识符
c:\users\施峰\documents\visual studio 2015\projects\designpattern\designpattern\filesystem.cpp(202): error C2228: “.setNextBlock”的左边必须有类/结构/联合
c:\users\施峰\documents\visual studio 2015\projects\designpattern\designpattern\filesystem.cpp(203): error C2065: “i”: 未声明的标识符
c:\users\施峰\documents\visual studio 2015\projects\designpattern\designpattern\filesystem.cpp(204): error C2065: “i”: 未声明的标识符
c:\users\施峰\documents\visual studio 2015\projects\designpattern\designpattern\filesystem.cpp(335): error C2065: “i”: 未声明的标识符
c:\users\施峰\documents\visual studio 2015\projects\designpattern\designpattern\filesystem.cpp(337): error C2065: “i”: 未声明的标识符
c:\users\施峰\documents\visual studio 2015\projects\designpattern\designpattern\filesystem.cpp(790): error C2065: “j”: 未声明的标识符
c:\users\施峰\documents\visual studio 2015\projects\designpattern\designpattern\filesystem.cpp(792): error C2065: “j”: 未声明的标识符
c:\users\施峰\documents\visual studio 2015\projects\designpattern\designpattern\filesystem.cpp(792): error C2228: “.setUse”的左边必须有类/结构/联合
c:\users\施峰\documents\visual studio 2015\projects\designpattern\designpattern\filesystem.cpp(793): error C2065: “j”: 未声明的标识符
c:\users\施峰\documents\visual studio 2015\projects\designpattern\designpattern\filesystem.cpp(793): error C2228: “.content”的左边必须有类/结构/联合
c:\users\施峰\documents\visual studio 2015\projects\designpattern\designpattern\filesystem.cpp(794): error C2065: “j”: 未声明的标识符
c:\users\施峰\documents\visual studio 2015\projects\designpattern\designpattern\filesystem.cpp(794): error C2228: “.setLengthInUse”的左边必须有类/结构/联合
c:\users\施峰\documents\visual studio 2015\projects\designpattern\designpattern\filesystem.cpp(795): error C2065: “j”: 未声明的标识符
c:\users\施峰\documents\visual studio 2015\projects\designpattern\designpattern\filesystem.cpp(795): error C2228: “.setNextBlock”的左边必须有类/结构/联合
c:\users\施峰\documents\visual studio 2015\projects\designpattern\designpattern\filesystem.cpp(797): error C2065: “j”: 未声明的标识符
c:\users\施峰\documents\visual studio 2015\projects\designpattern\designpattern\filesystem.cpp(799): error C2065: “j”: 未声明的标识符
c:\users\施峰\documents\visual studio 2015\projects\designpattern\designpattern\filesystem.cpp(812): error C2065: “j”: 未声明的标识符
c:\users\施峰\documents\visual studio 2015\projects\designpattern\designpattern\filesystem.cpp(814): error C2065: “j”: 未声明的标识符
c:\users\施峰\documents\visual studio 2015\projects\designpattern\designpattern\filesystem.cpp(814): error C2228: “.setUse”的左边必须有类/结构/联合
c:\users\施峰\documents\visual studio 2015\projects\designpattern\designpattern\filesystem.cpp(815): error C2065: “j”: 未声明的标识符
c:\users\施峰\documents\visual studio 2015\projects\designpattern\designpattern\filesystem.cpp(815): error C2228: “.content”的左边必须有类/结构/联合
c:\users\施峰\documents\visual studio 2015\projects\designpattern\designpattern\filesystem.cpp(816): error C2065: “j”: 未声明的标识符
c:\users\施峰\documents\visual studio 2015\projects\designpattern\designpattern\filesystem.cpp(816): error C2228: “.setLengthInUse”的左边必须有类/结构/联合
c:\users\施峰\documents\visual studio 2015\projects\designpattern\designpattern\filesystem.cpp(817): error C2065: “j”: 未声明的标识符
c:\users\施峰\documents\visual studio 2015\projects\designpattern\designpattern\filesystem.cpp(817): error C2228: “.setNextBlock”的左边必须有类/结构/联合
c:\users\施峰\documents\visual studio 2015\projects\designpattern\designpattern\filesystem.cpp(818): error C2065: “j”: 未声明的标识符
c:\users\施峰\documents\visual studio 2015\projects\designpattern\designpattern\filesystem.cpp(820): error C2065: “j”: 未声明的标识符
c:\users\施峰\documents\visual studio 2015\projects\designpattern\designpattern\filesystem.cpp(825): warning C4018: “<”: 有符号/无符号不匹配
c:\users\施峰\documents\visual studio 2015\projects\designpattern\designpattern\filesystem.cpp(890): error C2065: “j”: 未声明的标识符
c:\users\施峰\documents\visual studio 2015\projects\designpattern\designpattern\filesystem.cpp(892): error C2065: “j”: 未声明的标识符
c:\users\施峰\documents\visual studio 2015\projects\designpattern\designpattern\filesystem.cpp(892): error C2228: “.setUse”的左边必须有类/结构/联合
c:\users\施峰\documents\visual studio 2015\projects\designpattern\designpattern\filesystem.cpp(893): error C2065: “j”: 未声明的标识符
c:\users\施峰\documents\visual studio 2015\projects\designpattern\designpattern\filesystem.cpp(893): error C2228: “.content”的左边必须有类/结构/联合
c:\users\施峰\documents\visual studio 2015\projects\designpattern\designpattern\filesystem.cpp(894): error C2065: “j”: 未声明的标识符
c:\users\施峰\documents\visual studio 2015\projects\designpattern\designpattern\filesystem.cpp(894): error C2228: “.setLengthInUse”的左边必须有类/结构/联合
c:\users\施峰\documents\visual studio 2015\projects\designpattern\designpattern\filesystem.cpp(895): error C2065: “j”: 未声明的标识符
c:\users\施峰\documents\visual studio 2015\projects\designpattern\designpattern\filesystem.cpp(895): error C2228: “.setNextBlock”的左边必须有类/结构/联合
c:\users\施峰\documents\visual studio 2015\projects\designpattern\designpattern\filesystem.cpp(897): error C2065: “j”: 未声明的标识符
c:\users\施峰\documents\visual studio 2015\projects\designpattern\designpattern\filesystem.cpp(899): error C2065: “j”: 未声明的标识符
c:\users\施峰\documents\visual studio 2015\projects\designpattern\designpattern\filesystem.cpp(912): error C2065: “j”: 未声明的标识符
c:\users\施峰\documents\visual studio 2015\projects\designpattern\designpattern\filesystem.cpp(914): error C2065: “j”: 未声明的标识符
c:\users\施峰\documents\visual studio 2015\projects\designpattern\designpattern\filesystem.cpp(914): error C2228: “.setUse”的左边必须有类/结构/联合
c:\users\施峰\documents\visual studio 2015\projects\designpattern\designpattern\filesystem.cpp(915): error C2065: “j”: 未声明的标识符
c:\users\施峰\documents\visual studio 2015\projects\designpattern\designpattern\filesystem.cpp(915): error C2228: “.content”的左边必须有类/结构/联合
c:\users\施峰\documents\visual studio 2015\projects\designpattern\designpattern\filesystem.cpp(916): error C2065: “j”: 未声明的标识符
c:\users\施峰\documents\visual studio 2015\projects\designpattern\designpattern\filesystem.cpp(916): error C2228: “.setLengthInUse”的左边必须有类/结构/联合
c:\users\施峰\documents\visual studio 2015\projects\designpattern\designpattern\filesystem.cpp(917): error C2065: “j”: 未声明的标识符
c:\users\施峰\documents\visual studio 2015\projects\designpattern\designpattern\filesystem.cpp(917): error C2228: “.setNextBlock”的左边必须有类/结构/联合
c:\users\施峰\documents\visual studio 2015\projects\designpattern\designpattern\filesystem.cpp(918): error C2065: “j”: 未声明的标识符
c:\users\施峰\documents\visual studio 2015\projects\designpattern\designpattern\filesystem.cpp(920): error C2065: “j”: 未声明的标识符
c:\users\施峰\documents\visual studio 2015\projects\designpattern\designpattern\filesystem.cpp(925): warning C4018: “<”: 有符号/无符号不匹配
